<?xml version="1.0" encoding="UTF-8"?>
<!-- Generated by org.testng.reporters.JUnitReportReporter -->
<testsuite hostname="DESKTOP-STS6QSQ" failures="0" tests="2" name="Demo.Maven.AppiumTest" time="0.006" errors="0" timestamp="2021-05-30T15:42:17 IST" skipped="0">
  <testcase classname="Demo.Maven.AppiumTest" name="Automation" time="0.004"/>
  <system-out/>
  <testcase classname="Demo.Maven.AppiumTest" name="Manual" time="0.002"/>
  <system-out/>
</testsuite> <!-- Demo.Maven.AppiumTest -->
