<?xml version="1.0" encoding="UTF-8"?>
<!-- Generated by org.testng.reporters.JUnitReportReporter -->
<testsuite hostname="DESKTOP-STS6QSQ" failures="0" tests="1" name="Demo.Maven.SeleniumTest" time="0.007" errors="0" timestamp="2021-05-30T16:24:29 IST" skipped="0">
  <testcase classname="Demo.Maven.SeleniumTest" name="selenium" time="0.007"/>
  <system-out/>
</testsuite> <!-- Demo.Maven.SeleniumTest -->
